<?xml version="1.0" encoding="UTF-8"?>
<testng-results total="1" passed="1" failed="0" skipped="0">
  <reporter-output>
  </reporter-output>
  <suite started-at="2019-11-25T23:30:05Z" name="Default suite" finished-at="2019-11-25T23:30:10Z" duration-ms="4903">
    <groups>
    </groups>
    <test started-at="2019-11-25T23:30:05Z" name="Default test" finished-at="2019-11-25T23:30:10Z" duration-ms="4903">
      <class name="TestCases.FileUploadTest">
        <test-method is-config="true" signature="setUp()[pri:0, instance:TestCases.FileUploadTest@49438269]" started-at="2019-11-25T18:30:05Z" name="setUp" finished-at="2019-11-25T18:30:09Z" duration-ms="3683" status="PASS">
          <reporter-output>
          </reporter-output>
        </test-method> <!-- setUp -->
        <test-method signature="testFileUpload()[pri:0, instance:TestCases.FileUploadTest@49438269]" started-at="2019-11-25T18:30:09Z" name="testFileUpload" finished-at="2019-11-25T18:30:09Z" duration-ms="434" status="PASS">
          <reporter-output>
          </reporter-output>
        </test-method> <!-- testFileUpload -->
        <test-method is-config="true" signature="tearDown()[pri:0, instance:TestCases.FileUploadTest@49438269]" started-at="2019-11-25T18:30:09Z" name="tearDown" finished-at="2019-11-25T18:30:10Z" duration-ms="779" status="PASS">
          <reporter-output>
          </reporter-output>
        </test-method> <!-- tearDown -->
      </class> <!-- TestCases.FileUploadTest -->
    </test> <!-- Default test -->
  </suite> <!-- Default suite -->
</testng-results>
